{"level":"info","msg":"starting the server","time":"2021-02-24T20:27:39+03:00","url":":8000"}
{"level":"info","msg":"starting the server","time":"2021-02-24T20:46:13+03:00","url":":8000"}
{"level":"info","method":"GET","msg":"got a new request","remoteAddr":"[::1]:54577","time":"2021-02-24T20:46:24+03:00","url":{"Scheme":"","Opaque":"","User":null,"Host":"","Path":"/hello-word","RawPath":"","ForceQuery":false,"RawQuery":"","Fragment":"","RawFragment":""},"userAgent":"Mozilla/5.0 (Windows NT 10.0; Win64; x64) AppleWebKit/537.36 (KHTML, like Gecko) Chrome/88.0.4324.182 Safari/537.36"}
{"level":"info","method":"GET","msg":"got a new request","remoteAddr":"[::1]:54577","time":"2021-02-24T20:46:39+03:00","url":{"Scheme":"","Opaque":"","User":null,"Host":"","Path":"/hello-word","RawPath":"","ForceQuery":false,"RawQuery":"","Fragment":"","RawFragment":""},"userAgent":"Mozilla/5.0 (Windows NT 10.0; Win64; x64) AppleWebKit/537.36 (KHTML, like Gecko) Chrome/88.0.4324.182 Safari/537.36"}
{"level":"info","method":"GET","msg":"got a new request","remoteAddr":"[::1]:54577","time":"2021-02-24T20:47:19+03:00","url":{"Scheme":"","Opaque":"","User":null,"Host":"","Path":"/hello-word","RawPath":"","ForceQuery":false,"RawQuery":"","Fragment":"","RawFragment":""},"userAgent":"Mozilla/5.0 (Windows NT 10.0; Win64; x64) AppleWebKit/537.36 (KHTML, like Gecko) Chrome/88.0.4324.182 Safari/537.36"}
{"level":"info","method":"GET","msg":"got a new request","remoteAddr":"[::1]:54577","time":"2021-02-24T20:47:58+03:00","url":{"Scheme":"","Opaque":"","User":null,"Host":"","Path":"/api/v1/hello-word","RawPath":"","ForceQuery":false,"RawQuery":"","Fragment":"","RawFragment":""},"userAgent":"Mozilla/5.0 (Windows NT 10.0; Win64; x64) AppleWebKit/537.36 (KHTML, like Gecko) Chrome/88.0.4324.182 Safari/537.36"}
{"level":"info","method":"GET","msg":"got a new request","remoteAddr":"[::1]:54577","time":"2021-02-24T20:48:10+03:00","url":{"Scheme":"","Opaque":"","User":null,"Host":"","Path":"/api/v1/hello-word","RawPath":"","ForceQuery":false,"RawQuery":"","Fragment":"","RawFragment":""},"userAgent":"Mozilla/5.0 (Windows NT 10.0; Win64; x64) AppleWebKit/537.36 (KHTML, like Gecko) Chrome/88.0.4324.182 Safari/537.36"}
{"level":"info","msg":"starting the server","time":"2021-02-24T20:49:16+03:00","url":":8000"}
{"level":"info","method":"GET","msg":"got a new request","remoteAddr":"[::1]:54671","time":"2021-02-24T20:49:23+03:00","url":{"Scheme":"","Opaque":"","User":null,"Host":"","Path":"/api/v1/hello-word","RawPath":"","ForceQuery":false,"RawQuery":"","Fragment":"","RawFragment":""},"userAgent":"Mozilla/5.0 (Windows NT 10.0; Win64; x64) AppleWebKit/537.36 (KHTML, like Gecko) Chrome/88.0.4324.182 Safari/537.36"}
{"level":"info","method":"GET","msg":"got a new request","remoteAddr":"[::1]:54671","time":"2021-02-24T20:49:24+03:00","url":{"Scheme":"","Opaque":"","User":null,"Host":"","Path":"/api/v1/hello-word","RawPath":"","ForceQuery":false,"RawQuery":"","Fragment":"","RawFragment":""},"userAgent":"Mozilla/5.0 (Windows NT 10.0; Win64; x64) AppleWebKit/537.36 (KHTML, like Gecko) Chrome/88.0.4324.182 Safari/537.36"}
{"level":"info","method":"GET","msg":"got a new request","remoteAddr":"[::1]:54671","time":"2021-02-24T20:50:59+03:00","url":{"Scheme":"","Opaque":"","User":null,"Host":"","Path":"/api/v1/hello-word","RawPath":"","ForceQuery":false,"RawQuery":"","Fragment":"","RawFragment":""},"userAgent":"Mozilla/5.0 (Windows NT 10.0; Win64; x64) AppleWebKit/537.36 (KHTML, like Gecko) Chrome/88.0.4324.182 Safari/537.36"}
{"level":"info","method":"GET","msg":"got a new request","remoteAddr":"[::1]:54671","time":"2021-02-24T20:50:59+03:00","url":{"Scheme":"","Opaque":"","User":null,"Host":"","Path":"/favicon.ico","RawPath":"","ForceQuery":false,"RawQuery":"","Fragment":"","RawFragment":""},"userAgent":"Mozilla/5.0 (Windows NT 10.0; Win64; x64) AppleWebKit/537.36 (KHTML, like Gecko) Chrome/88.0.4324.182 Safari/537.36"}
{"level":"info","method":"GET","msg":"got a new request","remoteAddr":"[::1]:54671","time":"2021-02-24T20:51:01+03:00","url":{"Scheme":"","Opaque":"","User":null,"Host":"","Path":"/api/v1/hello-word","RawPath":"","ForceQuery":false,"RawQuery":"","Fragment":"","RawFragment":""},"userAgent":"Mozilla/5.0 (Windows NT 10.0; Win64; x64) AppleWebKit/537.36 (KHTML, like Gecko) Chrome/88.0.4324.182 Safari/537.36"}
{"level":"info","msg":"starting the server","time":"2021-02-24T20:51:30+03:00","url":":8000"}
{"level":"info","method":"GET","msg":"got a new request","remoteAddr":"[::1]:54742","time":"2021-02-24T20:51:36+03:00","url":{"Scheme":"","Opaque":"","User":null,"Host":"","Path":"/api/v1/hello-word","RawPath":"","ForceQuery":false,"RawQuery":"","Fragment":"","RawFragment":""},"userAgent":"Mozilla/5.0 (Windows NT 10.0; Win64; x64) AppleWebKit/537.36 (KHTML, like Gecko) Chrome/88.0.4324.182 Safari/537.36"}
{"level":"info","msg":"starting the server","time":"2021-02-24T21:12:39+03:00","url":":8000"}
{"duration":0,"level":"info","method":"GET","msg":"got a new request","remoteAddr":"[::1]:55408","time":"2021-02-24T21:12:46+03:00","url":{"Scheme":"","Opaque":"","User":null,"Host":"","Path":"/api/v1/hello-word","RawPath":"","ForceQuery":false,"RawQuery":"","Fragment":"","RawFragment":""},"userAgent":"Mozilla/5.0 (Windows NT 10.0; Win64; x64) AppleWebKit/537.36 (KHTML, like Gecko) Chrome/88.0.4324.182 Safari/537.36"}
{"duration":0,"level":"info","method":"GET","msg":"got a new request","remoteAddr":"[::1]:55408","time":"2021-02-24T21:12:56+03:00","url":{"Scheme":"","Opaque":"","User":null,"Host":"","Path":"/api/v1/hello-word","RawPath":"","ForceQuery":false,"RawQuery":"","Fragment":"","RawFragment":""},"userAgent":"Mozilla/5.0 (Windows NT 10.0; Win64; x64) AppleWebKit/537.36 (KHTML, like Gecko) Chrome/88.0.4324.182 Safari/537.36"}
{"level":"info","msg":"got SIGINT...","time":"2021-02-24T21:13:50+03:00"}
{"level":"fatal","msg":"http: Server closed","time":"2021-02-24T21:13:50+03:00"}
{"level":"info","msg":"starting the server","time":"2021-02-24T21:13:52+03:00","url":":8000"}
{"duration":0,"level":"info","method":"GET","msg":"got a new request","remoteAddr":"[::1]:55460","time":"2021-02-24T21:14:01+03:00","url":{"Scheme":"","Opaque":"","User":null,"Host":"","Path":"/api/v1/hello-word","RawPath":"","ForceQuery":false,"RawQuery":"","Fragment":"","RawFragment":""},"userAgent":"Mozilla/5.0 (Windows NT 10.0; Win64; x64) AppleWebKit/537.36 (KHTML, like Gecko) Chrome/88.0.4324.182 Safari/537.36"}
{"level":"info","msg":"got SIGINT...","time":"2021-02-24T21:41:27+03:00"}
{"level":"info","msg":"starting the server","time":"2021-02-24T21:41:29+03:00","url":":8000"}
{"duration":0.0005356,"level":"info","method":"GET","msg":"got a new request","remoteAddr":"[::1]:56314","time":"2021-02-24T21:41:44+03:00","url":{"Scheme":"","Opaque":"","User":null,"Host":"","Path":"/orders","RawPath":"","ForceQuery":false,"RawQuery":"","Fragment":"","RawFragment":""},"userAgent":"Mozilla/5.0 (Windows NT 10.0; Win64; x64) AppleWebKit/537.36 (KHTML, like Gecko) Chrome/88.0.4324.182 Safari/537.36"}
{"duration":0.0010052,"level":"info","method":"GET","msg":"got a new request","remoteAddr":"[::1]:56314","time":"2021-02-24T21:42:48+03:00","url":{"Scheme":"","Opaque":"","User":null,"Host":"","Path":"/api/v1/orders","RawPath":"","ForceQuery":false,"RawQuery":"","Fragment":"","RawFragment":""},"userAgent":"Mozilla/5.0 (Windows NT 10.0; Win64; x64) AppleWebKit/537.36 (KHTML, like Gecko) Chrome/88.0.4324.182 Safari/537.36"}
{"duration":0.000749,"level":"info","method":"GET","msg":"got a new request","remoteAddr":"[::1]:56637","time":"2021-02-24T21:52:30+03:00","url":{"Scheme":"","Opaque":"","User":null,"Host":"","Path":"/api/v1/orders","RawPath":"","ForceQuery":false,"RawQuery":"","Fragment":"","RawFragment":""},"userAgent":"Mozilla/5.0 (Windows NT 10.0; Win64; x64) AppleWebKit/537.36 (KHTML, like Gecko) Chrome/88.0.4324.182 Safari/537.36"}
{"duration":0,"level":"info","method":"GET","msg":"got a new request","remoteAddr":"[::1]:56637","time":"2021-02-24T21:52:31+03:00","url":{"Scheme":"","Opaque":"","User":null,"Host":"","Path":"/api/v1/orders","RawPath":"","ForceQuery":false,"RawQuery":"","Fragment":"","RawFragment":""},"userAgent":"Mozilla/5.0 (Windows NT 10.0; Win64; x64) AppleWebKit/537.36 (KHTML, like Gecko) Chrome/88.0.4324.182 Safari/537.36"}
{"level":"info","msg":"got SIGINT...","time":"2021-02-24T21:52:34+03:00"}
{"level":"fatal","msg":"http: Server closed","time":"2021-02-24T21:52:34+03:00"}
{"level":"info","msg":"starting the server","time":"2021-02-24T21:52:36+03:00","url":":8000"}
{"duration":0.0002938,"level":"info","method":"GET","msg":"got a new request","remoteAddr":"[::1]:56646","time":"2021-02-24T21:52:42+03:00","url":{"Scheme":"","Opaque":"","User":null,"Host":"","Path":"/api/v1/orders","RawPath":"","ForceQuery":false,"RawQuery":"","Fragment":"","RawFragment":""},"userAgent":"Mozilla/5.0 (Windows NT 10.0; Win64; x64) AppleWebKit/537.36 (KHTML, like Gecko) Chrome/88.0.4324.182 Safari/537.36"}
{"level":"info","msg":"got SIGINT...","time":"2021-02-24T21:54:05+03:00"}
{"level":"fatal","msg":"http: Server closed","time":"2021-02-24T21:54:05+03:00"}
{"level":"info","msg":"starting the server","time":"2021-02-24T21:54:08+03:00","url":":8000"}
{"duration":0.0013942,"level":"info","method":"GET","msg":"got a new request","remoteAddr":"[::1]:56696","time":"2021-02-24T21:54:14+03:00","url":{"Scheme":"","Opaque":"","User":null,"Host":"","Path":"/api/v1/orders","RawPath":"","ForceQuery":false,"RawQuery":"","Fragment":"","RawFragment":""},"userAgent":"Mozilla/5.0 (Windows NT 10.0; Win64; x64) AppleWebKit/537.36 (KHTML, like Gecko) Chrome/88.0.4324.182 Safari/537.36"}
{"level":"info","msg":"got SIGTERM...","time":"2021-02-24T21:56:47+03:00"}
{"level":"fatal","msg":"http: Server closed","time":"2021-02-24T21:56:47+03:00"}
{"level":"info","msg":"starting the server","time":"2021-02-27T13:25:51+03:00","url":":8000"}
{"duration":0.0003416,"level":"info","method":"GET","msg":"got a new request","remoteAddr":"[::1]:50067","time":"2021-02-27T13:26:22+03:00","url":{"Scheme":"","Opaque":"","User":null,"Host":"","Path":"/api/v1/order/222","RawPath":"","ForceQuery":false,"RawQuery":"","Fragment":"","RawFragment":""},"userAgent":"Mozilla/5.0 (Windows NT 10.0; Win64; x64) AppleWebKit/537.36 (KHTML, like Gecko) Chrome/88.0.4324.190 Safari/537.36"}
{"duration":0,"level":"info","method":"GET","msg":"got a new request","remoteAddr":"[::1]:50067","time":"2021-02-27T13:26:22+03:00","url":{"Scheme":"","Opaque":"","User":null,"Host":"","Path":"/favicon.ico","RawPath":"","ForceQuery":false,"RawQuery":"","Fragment":"","RawFragment":""},"userAgent":"Mozilla/5.0 (Windows NT 10.0; Win64; x64) AppleWebKit/537.36 (KHTML, like Gecko) Chrome/88.0.4324.190 Safari/537.36"}
{"duration":0,"level":"info","method":"GET","msg":"got a new request","remoteAddr":"[::1]:50067","time":"2021-02-27T13:27:42+03:00","url":{"Scheme":"","Opaque":"","User":null,"Host":"","Path":"/api/v1/order/222","RawPath":"","ForceQuery":false,"RawQuery":"","Fragment":"","RawFragment":""},"userAgent":"Mozilla/5.0 (Windows NT 10.0; Win64; x64) AppleWebKit/537.36 (KHTML, like Gecko) Chrome/88.0.4324.190 Safari/537.36"}
{"level":"info","msg":"got SIGINT...","time":"2021-02-27T13:54:43+03:00"}
{"level":"info","msg":"starting the server","time":"2021-02-27T15:37:52+03:00","url":":8000"}
{"duration":0.0000925,"level":"info","method":"GET","msg":"got a new request","remoteAddr":"[::1]:50379","time":"2021-02-27T15:38:03+03:00","url":{"Scheme":"","Opaque":"","User":null,"Host":"","Path":"/api/v1/orders/","RawPath":"","ForceQuery":false,"RawQuery":"","Fragment":"","RawFragment":""},"userAgent":"Mozilla/5.0 (Windows NT 10.0; Win64; x64) AppleWebKit/537.36 (KHTML, like Gecko) Chrome/88.0.4324.190 Safari/537.36"}
{"duration":0,"level":"info","method":"GET","msg":"got a new request","remoteAddr":"[::1]:50379","time":"2021-02-27T15:38:03+03:00","url":{"Scheme":"","Opaque":"","User":null,"Host":"","Path":"/favicon.ico","RawPath":"","ForceQuery":false,"RawQuery":"","Fragment":"","RawFragment":""},"userAgent":"Mozilla/5.0 (Windows NT 10.0; Win64; x64) AppleWebKit/537.36 (KHTML, like Gecko) Chrome/88.0.4324.190 Safari/537.36"}
{"duration":0.0000833,"level":"info","method":"GET","msg":"got a new request","remoteAddr":"[::1]:50379","time":"2021-02-27T15:38:06+03:00","url":{"Scheme":"","Opaque":"","User":null,"Host":"","Path":"/api/v1/orders","RawPath":"","ForceQuery":false,"RawQuery":"","Fragment":"","RawFragment":""},"userAgent":"Mozilla/5.0 (Windows NT 10.0; Win64; x64) AppleWebKit/537.36 (KHTML, like Gecko) Chrome/88.0.4324.190 Safari/537.36"}
{"level":"info","msg":"got SIGINT...","time":"2021-02-27T16:06:51+03:00"}
